# Step 6: TESTING ONLY - Run playwright-cli to verify all Step 1 UI components

**Contract:** contract-1775426210131  
**Completed:** 2026-04-05T21:57:40Z  
**Status:** SUCCESS

## Test Results Summary

### Page Rendering
✅ **PAGE RENDERS CORRECTLY** - The page at `http://localhost:3001/shipments/new` loaded without errors

### Component Verification

| Component | Status | Notes |
|-----------|--------|-------|
| PresetSelector cards | ✅ VISIBLE | 5 preset cards displayed (Standard Office Documents, Electronics Equipment, Industrial Parts, Medical Supplies, Trade Show Materials) |
| AddressInput fields | ✅ VISIBLE | Origin (From) section with Recipient Name, Phone, Street Address, Apt/Suite, City, State, ZIP, Country fields |
| PackageTypeSelector cards | ✅ VISIBLE | 7 package types displayed (Envelope, Small Box, Medium Box, Large Box, Pallet, Crate, Multiple Pieces) |
| DimensionsInput | ✅ VISIBLE | Length, Width, Height inputs with unit toggle (in/cm) and dimensional weight display |
| WeightInput | ✅ VISIBLE | Package Weight input with unit toggle (lbs/kg) and weight comparison section |
| DeclaredValueInput | ✅ VISIBLE | Value input with $ prefix, currency selector, insurance info |
| SpecialHandlingSelector | ✅ VISIBLE | 8 checkboxes (Fragile, Hazardous Materials, Temperature Controlled, Signature Required, Adult Signature, Hold for Pickup, Appointment Delivery, Dry Ice) |
| HazmatForm | ✅ VISIBLE | Placeholder section appears when Hazardous Materials is selected |
| MultiPieceForm | ⚠️ PLACEHOLDER | "This is a multi-piece shipment" checkbox visible, full form in later step |
| DeliveryPreferences | ✅ VISIBLE | Saturday/Sunday Delivery, Signature options, Hold at Facility, Leave if No Answer |
| ShipmentSummary | ✅ VISIBLE | Packages count, Total Weight, Declared Value displayed in sidebar |

### Interactive Testing

| Action | Result |
|--------|--------|
| Click "Standard Office Documents" preset | ✅ Selected successfully, changed package type to Envelope |
| Click "Hazardous Materials" checkbox | ✅ Checked successfully, triggered Hazmat section to appear |
| Click "Signature Required" checkbox | ✅ Checked successfully |

### Issues Found

1. **Minor React Warning:** Console shows warning about controlled/uncontrolled Select component switching - non-breaking, cosmetic only
2. **HazmatForm:** Shows placeholder text as expected per implementation notes ("HazmatForm placeholder - Step 5 will implement full form")

### Screenshots Captured

- Initial state: `.playwright-cli/page-2026-04-05T21-57-23-273Z.png`
- After interactions: `.playwright-cli/page-2026-04-05T21-57-36-333Z.yml`

### Conclusion

**ALL STEP 1 UI COMPONENTS RENDER SUCCESSFULLY**

The page is fully functional with all required components visible and interactive. No blocking issues found. Ready for Step 7 implementation.
